Build started 5/7/2013 9:32:28 PM.
     1>Project "C:\Users\Tyler\Desktop\DSA II\Final Project With lighting (3)\Final Project With lighting\Final Project\Final Project\Final Project.vcxproj" on node 2 (build target(s)).
     1>InitializeBuildStatus:
         Creating "Debug\Final Project.unsuccessfulbuild" because "AlwaysCreate" was specified.
       ClCompile:
         c:\Program Files (x86)\Microsoft Visual Studio 10.0\VC\bin\CL.exe /c /ZI /nologo /W3 /WX- /Od /Oy- /D _MBCS /Gm /EHsc /RTC1 /MDd /GS /fp:precise /Zc:wchar_t /Zc:forScope /Fo"Debug\\" /Fd"Debug\vc100.pdb" /Gd /TP /analyze- /errorReport:prompt Cube.cpp
         Cube.cpp
     1>c:\users\tyler\desktop\dsa ii\final project with lighting (3)\final project with lighting\final project\final project\cube.cpp(129): warning C4244: '=' : conversion from 'double' to 'float', possible loss of data
     1>c:\users\tyler\desktop\dsa ii\final project with lighting (3)\final project with lighting\final project\final project\cube.cpp(141): warning C4244: 'argument' : conversion from 'const double' to 'float', possible loss of data
     1>c:\users\tyler\desktop\dsa ii\final project with lighting (3)\final project with lighting\final project\final project\cube.cpp(141): warning C4244: 'argument' : conversion from 'const double' to 'float', possible loss of data
       Link:
         c:\Program Files (x86)\Microsoft Visual Studio 10.0\VC\bin\link.exe /ERRORREPORT:PROMPT /OUT:"C:\Users\Tyler\Desktop\DSA II\Final Project With lighting (3)\Final Project With lighting\Final Project\Debug\Final Project.exe" /NOLOGO GLFW.lib GLFWDLL.lib opengl32.lib glu32.lib glew32.lib kernel32.lib user32.lib gdi32.lib winspool.lib comdlg32.lib advapi32.lib shell32.lib ole32.lib oleaut32.lib uuid.lib odbc32.lib odbccp32.lib /MANIFEST /ManifestFile:"Debug\Final Project.exe.intermediate.manifest" /MANIFESTUAC:"level='asInvoker' uiAccess='false'" /DEBUG /PDB:"C:\Users\Tyler\Desktop\DSA II\Final Project With lighting (3)\Final Project With lighting\Final Project\Debug\Final Project.pdb" /TLBID:1 /DYNAMICBASE /NXCOMPAT /IMPLIB:"C:\Users\Tyler\Desktop\DSA II\Final Project With lighting (3)\Final Project With lighting\Final Project\Debug\Final Project.lib" /MACHINE:X86 Debug\Cube.obj
         Debug\InputController.obj
         Debug\main.obj
         Debug\kdNode.obj
         Debug\Physics.obj
         Debug\Shaders.obj
         LINK : C:\Users\Tyler\Desktop\DSA II\Final Project With lighting (3)\Final Project With lighting\Final Project\Debug\Final Project.exe not found or not built by the last incremental link; performing full link
     1>LINK : warning LNK4098: defaultlib 'MSVCRT' conflicts with use of other libs; use /NODEFAULTLIB:library
         Final Project.vcxproj -> C:\Users\Tyler\Desktop\DSA II\Final Project With lighting (3)\Final Project With lighting\Final Project\Debug\Final Project.exe
       Manifest:
         C:\Program Files (x86)\Microsoft SDKs\Windows\v7.0A\bin\mt.exe /nologo /verbose /outputresource:"C:\Users\Tyler\Desktop\DSA II\Final Project With lighting (3)\Final Project With lighting\Final Project\Debug\Final Project.exe;#1" /manifest "Debug\Final Project.exe.intermediate.manifest"
       PostBuildEvent:
         xcopy "C:\Users\Tyler\Desktop\DSA II\Final Project With lighting (3)\Final Project With lighting\Final Project\GL\x86\bin" "C:\Users\Tyler\Desktop\DSA II\Final Project With lighting (3)\Final Project With lighting\Final Project\Debug" /y
         :VCEnd
         C:\Users\Tyler\Desktop\DSA II\Final Project With lighting (3)\Final Project With lighting\Final Project\GL\x86\bin\freeglut.dll
         C:\Users\Tyler\Desktop\DSA II\Final Project With lighting (3)\Final Project With lighting\Final Project\GL\x86\bin\glew32.dll
         C:\Users\Tyler\Desktop\DSA II\Final Project With lighting (3)\Final Project With lighting\Final Project\GL\x86\bin\glew32mx.dll
         3 File(s) copied
       FinalizeBuildStatus:
         Deleting file "Debug\Final Project.unsuccessfulbuild".
         Touching "Debug\Final Project.lastbuildstate".
     1>Done Building Project "C:\Users\Tyler\Desktop\DSA II\Final Project With lighting (3)\Final Project With lighting\Final Project\Final Project\Final Project.vcxproj" (build target(s)).

Build succeeded.

Time Elapsed 00:00:01.60
